#
# A fatal error has been detected by the Java Runtime Environment:
#
#  EXCEPTION_ACCESS_VIOLATION (0xc0000005) at pc=0x00007fff1dc81be1, pid=16364, tid=15752
#
# JRE version:  (17.0.4.1+1) (build )
# Java VM: OpenJDK 64-Bit Server VM (17.0.4.1+1, mixed mode, sharing, tiered, unknown gc, windows-amd64)
# Problematic frame:
# C  [jimage.dll+0x1be1]
#
# No core dump will be written. Minidumps are not enabled by default on client versions of Windows
#
#

---------------  S U M M A R Y ------------

Command Line: 

Host: AMD PRO A4-3350B APU with Radeon R4 Graphics   , 4 cores, 3G,  Windows 10 , 64 bit Build 19041 (10.0.19041.4597)
Time: Sun Aug 11 14:14:28 2024 India Standard Time elapsed time: 0.087204 seconds (0d 0h 0m 0s)

---------------  T H R E A D  ---------------

Current thread is native thread

Stack: [0x0000005342200000,0x0000005342300000],  sp=0x00000053422fd310,  free space=1012k
Native frames: (J=compiled Java code, j=interpreted, Vv=VM code, C=native code)
C  [jimage.dll+0x1be1]
C  [jimage.dll+0x1d6f]
C  [jimage.dll+0x264d]
V  [jvm.dll+0x1f193a]
V  [jvm.dll+0xb053e]
V  [jvm.dll+0x7e2d3c]
V  [jvm.dll+0x3ec25f]
V  [jvm.dll+0x3edde1]
C  [jli.dll+0x5277]
C  [ucrtbase.dll+0x21bb2]
C  [KERNEL32.DLL+0x17374]
C  [ntdll.dll+0x4cc91]


siginfo: EXCEPTION_ACCESS_VIOLATION (0xc0000005), reading address 0x000000000001775c


Registers:
RAX=0x0000000000005dd0, RBX=0x00000053422fd401, RCX=0x00007fff1dc86000, RDX=0x0000000000005dd0
RSP=0x00000053422fd310, RBP=0x00000053422fd400, RSI=0x000000000000718b, RDI=0x00000053422fd400
R8 =0x00007fff1dc84288, R9 =0x000000000000001c, R10=0x00007ffef93c5a00, R11=0x00007fff1dc86000
R12=0x0000000000000000, R13=0x0000023f7e3146b0, R14=0x00000053422fe470, R15=0x00007ffef93c5a48
RIP=0x00007fff1dc81be1, EFLAGS=0x0000000000010212

Top of Stack: (sp=0x00000053422fd310)
0x00000053422fd310:   0000005341e63000 0000000000000003
0x00000053422fd320:   0000023f7e21179c 00000053422fd480
0x00000053422fd330:   0000023f7e317b40 00007fff1dc81d6f
0x00000053422fd340:   000000000000000b 0000023f7e317b40
0x00000053422fd350:   00000053422fd3a1 00000053422fd480
0x00000053422fd360:   00000000000006f5 0000023f7e300150
0x00000053422fd370:   00000000000006f5 00000000000006f5
0x00000053422fd380:   00000000000006f5 0000023f8e00058b
0x00000053422fd390:   0000023f7e3086a0 00007fff23c2e249
0x00000053422fd3a0:   00001671915af3ad 000000038e00058b
0x00000053422fd3b0:   00007ffef93a4510 0000000000000017
0x00000053422fd3c0:   0000023f7e317b40 00000053422fe470
0x00000053422fd3d0:   000000000000000b 00007fff1dc8264d
0x00000053422fd3e0:   0000000000000723 0000000000000723
0x00000053422fd3f0:   0000000000000723 0000023f8e00058b
0x00000053422fd400:   61622e6176616a2f 692f6b646a2f6573 

Instructions: (pc=0x00007fff1dc81be1)
0x00007fff1dc81ae1:   48 85 c9 74 1d 80 3d 23 45 00 00 00 74 06 48 8b
0x00007fff1dc81af1:   53 18 eb 04 48 8b 53 40 e8 ae 0e 00 00 48 83 63
0x00007fff1dc81b01:   48 00 8b 4b 0c 83 f9 ff 74 09 e8 e4 0c 00 00 83
0x00007fff1dc81b11:   4b 0c ff 48 8b 4b 70 48 85 c9 74 0f ba 10 00 00
0x00007fff1dc81b21:   00 e8 fd 0e 00 00 48 83 63 70 00 48 83 c4 20 5b
0x00007fff1dc81b31:   c3 cc cc 40 53 48 83 ec 20 48 8b d9 48 8d 0d dc
0x00007fff1dc81b41:   46 00 00 e8 b3 0c 00 00 83 6b 08 01 75 24 48 8b
0x00007fff1dc81b51:   d3 48 8d 0d bf 44 00 00 e8 22 08 00 00 48 8b cb
0x00007fff1dc81b61:   e8 de fe ff ff ba 78 00 00 00 48 8b cb e8 b1 0e
0x00007fff1dc81b71:   00 00 48 8d 0d a6 46 00 00 48 83 c4 20 5b e9 80
0x00007fff1dc81b81:   0c 00 00 48 89 5c 24 08 48 89 74 24 10 57 48 83
0x00007fff1dc81b91:   ec 20 41 8b f1 4d 8b c8 48 8b fa 4c 8b d9 4d 85
0x00007fff1dc81ba1:   c0 74 78 85 f6 74 74 44 8a 12 48 8d 5a 01 48 8b
0x00007fff1dc81bb1:   d3 b8 93 01 00 01 eb 12 69 c0 93 01 00 01 41 0f
0x00007fff1dc81bc1:   b6 ca 44 8a 12 33 c1 48 ff c2 45 84 d2 75 e9 4d
0x00007fff1dc81bd1:   8b 03 0f ba f0 1f 33 d2 49 8b cb f7 f6 48 63 c2
0x00007fff1dc81be1:   41 8b 14 81 41 ff 50 08 85 c0 7e 24 8a 0f eb 10
0x00007fff1dc81bf1:   69 c0 93 01 00 01 0f b6 c9 33 c1 8a 0b 48 ff c3
0x00007fff1dc81c01:   84 c9 75 ec 0f ba f0 1f 33 d2 f7 f6 8b c2 eb 0e
0x00007fff1dc81c11:   79 09 83 c9 ff 2b c8 8b c1 eb 03 83 c8 ff 48 8b
0x00007fff1dc81c21:   5c 24 30 48 8b 74 24 38 48 83 c4 20 5f c3 cc 48
0x00007fff1dc81c31:   89 5c 24 08 48 89 74 24 10 57 48 83 ec 20 48 8b
0x00007fff1dc81c41:   f1 48 8d 0d d7 45 00 00 e8 ae 0b 00 00 33 ff 39
0x00007fff1dc81c51:   3d c2 43 00 00 76 24 48 8b 05 c1 43 00 00 48 8b
0x00007fff1dc81c61:   d6 48 8b 1c f8 48 8b 0b e8 72 1e 00 00 85 c0 74
0x00007fff1dc81c71:   2b ff c7 3b 3d 9e 43 00 00 72 dc 33 db 48 8d 0d
0x00007fff1dc81c81:   9b 45 00 00 e8 7a 0b 00 00 48 8b 74 24 38 48 8b
0x00007fff1dc81c91:   c3 48 8b 5c 24 30 48 83 c4 20 5f c3 ff 43 08 eb
0x00007fff1dc81ca1:   dc cc cc 48 89 5c 24 08 48 89 74 24 10 57 48 83
0x00007fff1dc81cb1:   ec 20 48 8b d9 48 8b f2 48 8b 49 10 49 8b f8 8b
0x00007fff1dc81cc1:   53 30 48 8b 01 ff 50 20 4c 8b 43 50 48 8b d6 48
0x00007fff1dc81cd1:   8b 4b 10 44 8b c8 e8 a8 fe ff ff 83 f8 ff 74 38 



---------------  P R O C E S S  ---------------

VM state: not at safepoint (not fully initialized)

VM Mutex/Monitor currently owned by a thread: None

GC Precious Log:
<Not initialized>


Dynamic libraries:
0x00007ff74f1e0000 - 0x00007ff74f1ee000 	C:\Users\Abhishek\Downloads\eclipse-jee-2022-09-R-win32-x86_64\eclipse\plugins\org.eclipse.justj.openjdk.hotspot.jre.full.win32.x86_64_17.0.4.v20220903-1038\jre\bin\javaw.exe
0x00007fff23c10000 - 0x00007fff23e08000 	C:\WINDOWS\SYSTEM32\ntdll.dll
0x00007fff23160000 - 0x00007fff23221000 	C:\WINDOWS\System32\KERNEL32.DLL
0x00007fff212c0000 - 0x00007fff215b6000 	C:\WINDOWS\System32\KERNELBASE.dll
0x00007fff21780000 - 0x00007fff21880000 	C:\WINDOWS\System32\ucrtbase.dll
0x00007fff1a090000 - 0x00007fff1a0a8000 	C:\Users\Abhishek\Downloads\eclipse-jee-2022-09-R-win32-x86_64\eclipse\plugins\org.eclipse.justj.openjdk.hotspot.jre.full.win32.x86_64_17.0.4.v20220903-1038\jre\bin\jli.dll
0x00007fff23570000 - 0x00007fff2370f000 	C:\WINDOWS\System32\USER32.dll
0x00007fff215c0000 - 0x00007fff215e2000 	C:\WINDOWS\System32\win32u.dll
0x00007fff22940000 - 0x00007fff2296b000 	C:\WINDOWS\System32\GDI32.dll
0x00007fff21660000 - 0x00007fff21777000 	C:\WINDOWS\System32\gdi32full.dll
0x00007fff21910000 - 0x00007fff219ad000 	C:\WINDOWS\System32\msvcp_win.dll
0x00007fff1a0c0000 - 0x00007fff1a0d9000 	C:\Users\Abhishek\Downloads\eclipse-jee-2022-09-R-win32-x86_64\eclipse\plugins\org.eclipse.justj.openjdk.hotspot.jre.full.win32.x86_64_17.0.4.v20220903-1038\jre\bin\VCRUNTIME140.dll
0x00007fff0c330000 - 0x00007fff0c5ca000 	C:\WINDOWS\WinSxS\amd64_microsoft.windows.common-controls_6595b64144ccf1df_6.0.19041.4355_none_60b8b9eb71f62e16\COMCTL32.dll
0x00007fff22ec0000 - 0x00007fff22f5e000 	C:\WINDOWS\System32\msvcrt.dll
0x00007fff23b00000 - 0x00007fff23b2f000 	C:\WINDOWS\System32\IMM32.DLL
0x00007fff1d870000 - 0x00007fff1d87c000 	C:\Users\Abhishek\Downloads\eclipse-jee-2022-09-R-win32-x86_64\eclipse\plugins\org.eclipse.justj.openjdk.hotspot.jre.full.win32.x86_64_17.0.4.v20220903-1038\jre\bin\vcruntime140_1.dll
0x00007fff04a20000 - 0x00007fff04ab1000 	C:\Users\Abhishek\Downloads\eclipse-jee-2022-09-R-win32-x86_64\eclipse\plugins\org.eclipse.justj.openjdk.hotspot.jre.full.win32.x86_64_17.0.4.v20220903-1038\jre\bin\msvcp140.dll
0x00007ffef8a90000 - 0x00007ffef96d6000 	C:\Users\Abhishek\Downloads\eclipse-jee-2022-09-R-win32-x86_64\eclipse\plugins\org.eclipse.justj.openjdk.hotspot.jre.full.win32.x86_64_17.0.4.v20220903-1038\jre\bin\server\jvm.dll
0x00007fff22120000 - 0x00007fff221d0000 	C:\WINDOWS\System32\ADVAPI32.dll
0x00007fff23b30000 - 0x00007fff23bd0000 	C:\WINDOWS\System32\sechost.dll
0x00007fff23030000 - 0x00007fff23153000 	C:\WINDOWS\System32\RPCRT4.dll
0x00007fff21b60000 - 0x00007fff21b87000 	C:\WINDOWS\System32\bcrypt.dll
0x00007fff22110000 - 0x00007fff22118000 	C:\WINDOWS\System32\PSAPI.DLL
0x00007fff1dc90000 - 0x00007fff1dc99000 	C:\WINDOWS\SYSTEM32\WSOCK32.dll
0x00007fff23230000 - 0x00007fff2329b000 	C:\WINDOWS\System32\WS2_32.dll
0x00007fff17150000 - 0x00007fff17177000 	C:\WINDOWS\SYSTEM32\WINMM.dll
0x00007fff18940000 - 0x00007fff1894a000 	C:\WINDOWS\SYSTEM32\VERSION.dll
0x00007fff1f140000 - 0x00007fff1f152000 	C:\WINDOWS\SYSTEM32\kernel.appcore.dll
0x00007fff1dc80000 - 0x00007fff1dc8a000 	C:\Users\Abhishek\Downloads\eclipse-jee-2022-09-R-win32-x86_64\eclipse\plugins\org.eclipse.justj.openjdk.hotspot.jre.full.win32.x86_64_17.0.4.v20220903-1038\jre\bin\jimage.dll
0x00007fff103e0000 - 0x00007fff105c4000 	C:\WINDOWS\SYSTEM32\DBGHELP.DLL
0x00007fff0f640000 - 0x00007fff0f674000 	C:\WINDOWS\SYSTEM32\dbgcore.DLL
0x00007fff21880000 - 0x00007fff21902000 	C:\WINDOWS\System32\bcryptPrimitives.dll

dbghelp: loaded successfully - version: 4.0.5 - missing functions: none
symbol engine: initialized successfully - sym options: 0x614 - pdb path: .;C:\Users\Abhishek\Downloads\eclipse-jee-2022-09-R-win32-x86_64\eclipse\plugins\org.eclipse.justj.openjdk.hotspot.jre.full.win32.x86_64_17.0.4.v20220903-1038\jre\bin;C:\WINDOWS\SYSTEM32;C:\WINDOWS\WinSxS\amd64_microsoft.windows.common-controls_6595b64144ccf1df_6.0.19041.4355_none_60b8b9eb71f62e16;C:\Users\Abhishek\Downloads\eclipse-jee-2022-09-R-win32-x86_64\eclipse\plugins\org.eclipse.justj.openjdk.hotspot.jre.full.win32.x86_64_17.0.4.v20220903-1038\jre\bin\server

VM Arguments:
java_command: <unknown>
java_class_path (initial): <not set>
Launcher Type: SUN_STANDARD

[Global flags]
     bool UseLargePagesIndividualAllocation        = false                                  {pd product} {ergonomic}

Logging:
Log output configuration:
 #0: stdout all=warning uptime,level,tags
 #1: stderr all=off uptime,level,tags

Environment Variables:
PATH=C:/Users/Abhishek/Downloads/eclipse-jee-2022-09-R-win32-x86_64/eclipse//plugins/org.eclipse.justj.openjdk.hotspot.jre.full.win32.x86_64_17.0.4.v20220903-1038/jre/bin/server;C:/Users/Abhishek/Downloads/eclipse-jee-2022-09-R-win32-x86_64/eclipse//plugins/org.eclipse.justj.openjdk.hotspot.jre.full.win32.x86_64_17.0.4.v20220903-1038/jre/bin;C:\Program Files\Common Files\Oracle\Java\javapath;C:\app\Abhishek\product\11.2.0\dbhome_1\bin;C:\WINDOWS\system32;C:\WINDOWS;C:\WINDOWS\System32\Wbem;C:\WINDOWS\System32\WindowsPowerShell\v1.0\;C:\WINDOWS\System32\OpenSSH\;C:\Users\Abhishek\AppData\Local\Programs\Python\Python312;C:\Users\Abhishek\AppData\Local\Programs\Python\Launcher\;C:\Users\Abhishek\AppData\Local\Microsoft\WindowsApps;C:\Users\Abhishek\AppData\Local\Programs\Microsoft VS Code\bin;C:\Users\Abhishek\AppData\Local\Programs\Python\Python312;C:\Users\Abhishek\AppData\Local\Programs\Python\Python312\Scripts;;C:\Users\Abhishek\Downloads\eclipse-jee-2022-09-R-win32-x86_64\eclipse;
USERNAME=Abhishek
OS=Windows_NT
PROCESSOR_IDENTIFIER=AMD64 Family 22 Model 48 Stepping 1, AuthenticAMD
TMP=C:\Users\Abhishek\AppData\Local\Temp
TEMP=C:\Users\Abhishek\AppData\Local\Temp



---------------  S Y S T E M  ---------------

OS:
 Windows 10 , 64 bit Build 19041 (10.0.19041.4597)
OS uptime: 2 days 1:39 hours

CPU: total 4 (initial active 0) 

Memory: 4k page, system-wide physical 3551M (333M free)
TotalPageFile size 14303M (AvailPageFile size 3M)
current process WorkingSet (physical memory assigned to process): 7M, peak: 7M
current process commit charge ("private bytes"): 3M, peak: 3M

vm_info: OpenJDK 64-Bit Server VM (17.0.4.1+1) for windows-amd64 JRE (17.0.4.1+1), built on Aug 17 2022 07:42:43 by "temurin" with MS VC++ 16.7 (VS2019)

END.
